<?xml version="1.0" encoding="UTF-8"?>
<!-- Generated by org.testng.reporters.JUnitReportReporter -->
<testsuite hostname="INLEN8520068776" failures="0" tests="1" name="googleSearch.Get" time="2.724" errors="0" timestamp="2022-06-09T09:16:05 IST" skipped="0">
  <testcase classname="googleSearch.Get" name="GetSearch" time="2.724"/>
  <system-out/>
</testsuite> <!-- googleSearch.Get -->
