<?xml version="1.0" encoding="UTF-8"?>
<!-- Generated by org.testng.reporters.JUnitReportReporter -->
<testsuite hostname="INLEN8520068776" failures="0" tests="1" name="googleSearch.Post" time="9.477" errors="0" timestamp="2022-06-09T09:16:54 IST" skipped="0">
  <testcase classname="googleSearch.Post" name="PostSERP" time="9.477"/>
  <system-out/>
</testsuite> <!-- googleSearch.Post -->
